<?xml version="1.0" encoding="UTF-8"?>
<testsuite xmlns:xsi="http://www.w3.org/2001/XMLSchema-instance" xsi:noNamespaceSchemaLocation="https://maven.apache.org/surefire/maven-surefire-plugin/xsd/surefire-test-report-3.0.xsd" version="3.0" name="TestSuite" time="0.261" tests="0" errors="0" skipped="0" failures="0">
  <properties>
    <property name="java.specification.version" value="21"/>
    <property name="sun.cpu.isalist" value="amd64"/>
    <property name="sun.jnu.encoding" value="Cp1252"/>
    <property name="java.class.path" value="C:\Users\rayud\eclipse-workspace\SeleniumWebdriver\target\test-classes;C:\Users\rayud\eclipse-workspace\SeleniumWebdriver\target\classes;C:\Users\rayud\.m2\repository\org\seleniumhq\selenium\selenium-java\4.21.0\selenium-java-4.21.0.jar;C:\Users\rayud\.m2\repository\org\seleniumhq\selenium\selenium-api\4.21.0\selenium-api-4.21.0.jar;C:\Users\rayud\.m2\repository\org\seleniumhq\selenium\selenium-chrome-driver\4.21.0\selenium-chrome-driver-4.21.0.jar;C:\Users\rayud\.m2\repository\com\google\auto\service\auto-service-annotations\1.1.1\auto-service-annotations-1.1.1.jar;C:\Users\rayud\.m2\repository\org\seleniumhq\selenium\selenium-chromium-driver\4.21.0\selenium-chromium-driver-4.21.0.jar;C:\Users\rayud\.m2\repository\org\seleniumhq\selenium\selenium-json\4.21.0\selenium-json-4.21.0.jar;C:\Users\rayud\.m2\repository\org\seleniumhq\selenium\selenium-manager\4.21.0\selenium-manager-4.21.0.jar;C:\Users\rayud\.m2\repository\org\seleniumhq\selenium\selenium-devtools-v123\4.21.0\selenium-devtools-v123-4.21.0.jar;C:\Users\rayud\.m2\repository\org\seleniumhq\selenium\selenium-devtools-v124\4.21.0\selenium-devtools-v124-4.21.0.jar;C:\Users\rayud\.m2\repository\org\seleniumhq\selenium\selenium-devtools-v125\4.21.0\selenium-devtools-v125-4.21.0.jar;C:\Users\rayud\.m2\repository\org\seleniumhq\selenium\selenium-devtools-v85\4.21.0\selenium-devtools-v85-4.21.0.jar;C:\Users\rayud\.m2\repository\org\seleniumhq\selenium\selenium-edge-driver\4.21.0\selenium-edge-driver-4.21.0.jar;C:\Users\rayud\.m2\repository\org\seleniumhq\selenium\selenium-firefox-driver\4.21.0\selenium-firefox-driver-4.21.0.jar;C:\Users\rayud\.m2\repository\org\seleniumhq\selenium\selenium-http\4.21.0\selenium-http-4.21.0.jar;C:\Users\rayud\.m2\repository\dev\failsafe\failsafe\3.3.2\failsafe-3.3.2.jar;C:\Users\rayud\.m2\repository\org\seleniumhq\selenium\selenium-ie-driver\4.21.0\selenium-ie-driver-4.21.0.jar;C:\Users\rayud\.m2\repository\org\seleniumhq\selenium\selenium-remote-driver\4.21.0\selenium-remote-driver-4.21.0.jar;C:\Users\rayud\.m2\repository\com\google\guava\guava\33.2.0-jre\guava-33.2.0-jre.jar;C:\Users\rayud\.m2\repository\com\google\guava\failureaccess\1.0.2\failureaccess-1.0.2.jar;C:\Users\rayud\.m2\repository\com\google\guava\listenablefuture\9999.0-empty-to-avoid-conflict-with-guava\listenablefuture-9999.0-empty-to-avoid-conflict-with-guava.jar;C:\Users\rayud\.m2\repository\com\google\code\findbugs\jsr305\3.0.2\jsr305-3.0.2.jar;C:\Users\rayud\.m2\repository\org\checkerframework\checker-qual\3.42.0\checker-qual-3.42.0.jar;C:\Users\rayud\.m2\repository\com\google\errorprone\error_prone_annotations\2.26.1\error_prone_annotations-2.26.1.jar;C:\Users\rayud\.m2\repository\com\google\j2objc\j2objc-annotations\3.0.0\j2objc-annotations-3.0.0.jar;C:\Users\rayud\.m2\repository\io\opentelemetry\semconv\opentelemetry-semconv\1.25.0-alpha\opentelemetry-semconv-1.25.0-alpha.jar;C:\Users\rayud\.m2\repository\io\opentelemetry\opentelemetry-api\1.38.0\opentelemetry-api-1.38.0.jar;C:\Users\rayud\.m2\repository\io\opentelemetry\opentelemetry-context\1.38.0\opentelemetry-context-1.38.0.jar;C:\Users\rayud\.m2\repository\io\opentelemetry\opentelemetry-exporter-logging\1.38.0\opentelemetry-exporter-logging-1.38.0.jar;C:\Users\rayud\.m2\repository\io\opentelemetry\opentelemetry-sdk-common\1.38.0\opentelemetry-sdk-common-1.38.0.jar;C:\Users\rayud\.m2\repository\io\opentelemetry\opentelemetry-sdk-extension-autoconfigure-spi\1.38.0\opentelemetry-sdk-extension-autoconfigure-spi-1.38.0.jar;C:\Users\rayud\.m2\repository\io\opentelemetry\opentelemetry-sdk-extension-autoconfigure\1.38.0\opentelemetry-sdk-extension-autoconfigure-1.38.0.jar;C:\Users\rayud\.m2\repository\io\opentelemetry\opentelemetry-api-incubator\1.38.0-alpha\opentelemetry-api-incubator-1.38.0-alpha.jar;C:\Users\rayud\.m2\repository\io\opentelemetry\opentelemetry-sdk-trace\1.38.0\opentelemetry-sdk-trace-1.38.0.jar;C:\Users\rayud\.m2\repository\io\opentelemetry\opentelemetry-sdk\1.38.0\opentelemetry-sdk-1.38.0.jar;C:\Users\rayud\.m2\repository\io\opentelemetry\opentelemetry-sdk-metrics\1.38.0\opentelemetry-sdk-metrics-1.38.0.jar;C:\Users\rayud\.m2\repository\io\opentelemetry\opentelemetry-sdk-logs\1.38.0\opentelemetry-sdk-logs-1.38.0.jar;C:\Users\rayud\.m2\repository\net\bytebuddy\byte-buddy\1.14.15\byte-buddy-1.14.15.jar;C:\Users\rayud\.m2\repository\org\seleniumhq\selenium\selenium-os\4.21.0\selenium-os-4.21.0.jar;C:\Users\rayud\.m2\repository\org\apache\commons\commons-exec\1.4.0\commons-exec-1.4.0.jar;C:\Users\rayud\.m2\repository\org\seleniumhq\selenium\selenium-safari-driver\4.21.0\selenium-safari-driver-4.21.0.jar;C:\Users\rayud\.m2\repository\org\seleniumhq\selenium\selenium-support\4.21.0\selenium-support-4.21.0.jar;C:\Users\rayud\.m2\repository\org\testng\testng\7.4.0\testng-7.4.0.jar;C:\Users\rayud\.m2\repository\com\beust\jcommander\1.78\jcommander-1.78.jar;C:\Users\rayud\.m2\repository\org\webjars\jquery\3.5.1\jquery-3.5.1.jar;C:\Users\rayud\.m2\repository\net\sourceforge\tess4j\tess4j\4.5.2\tess4j-4.5.2.jar;C:\Users\rayud\.m2\repository\net\java\dev\jna\jna\5.5.0\jna-5.5.0.jar;C:\Users\rayud\.m2\repository\com\github\jai-imageio\jai-imageio-core\1.4.0\jai-imageio-core-1.4.0.jar;C:\Users\rayud\.m2\repository\org\ghost4j\ghost4j\1.0.1\ghost4j-1.0.1.jar;C:\Users\rayud\.m2\repository\log4j\log4j\1.2.17\log4j-1.2.17.jar;C:\Users\rayud\.m2\repository\commons-beanutils\commons-beanutils\1.9.2\commons-beanutils-1.9.2.jar;C:\Users\rayud\.m2\repository\commons-collections\commons-collections\3.2.1\commons-collections-3.2.1.jar;C:\Users\rayud\.m2\repository\org\apache\xmlgraphics\xmlgraphics-commons\1.4\xmlgraphics-commons-1.4.jar;C:\Users\rayud\.m2\repository\com\lowagie\itext\2.1.7\itext-2.1.7.jar;C:\Users\rayud\.m2\repository\org\apache\pdfbox\pdfbox\2.0.20\pdfbox-2.0.20.jar;C:\Users\rayud\.m2\repository\org\apache\pdfbox\fontbox\2.0.20\fontbox-2.0.20.jar;C:\Users\rayud\.m2\repository\commons-logging\commons-logging\1.2\commons-logging-1.2.jar;C:\Users\rayud\.m2\repository\org\apache\pdfbox\pdfbox-tools\2.0.20\pdfbox-tools-2.0.20.jar;C:\Users\rayud\.m2\repository\org\apache\pdfbox\pdfbox-debugger\2.0.20\pdfbox-debugger-2.0.20.jar;C:\Users\rayud\.m2\repository\org\apache\pdfbox\jbig2-imageio\3.0.3\jbig2-imageio-3.0.3.jar;C:\Users\rayud\.m2\repository\commons-io\commons-io\2.7\commons-io-2.7.jar;C:\Users\rayud\.m2\repository\net\sourceforge\lept4j\lept4j\1.13.1\lept4j-1.13.1.jar;C:\Users\rayud\.m2\repository\org\jboss\jboss-vfs\3.2.15.Final\jboss-vfs-3.2.15.Final.jar;C:\Users\rayud\.m2\repository\org\jboss\logging\jboss-logging\3.1.4.GA\jboss-logging-3.1.4.GA.jar;C:\Users\rayud\.m2\repository\ch\qos\logback\logback-classic\1.2.3\logback-classic-1.2.3.jar;C:\Users\rayud\.m2\repository\ch\qos\logback\logback-core\1.2.3\logback-core-1.2.3.jar;C:\Users\rayud\.m2\repository\org\slf4j\slf4j-api\1.7.30\slf4j-api-1.7.30.jar;C:\Users\rayud\.m2\repository\org\bytedeco\javacv-platform\1.5.4\javacv-platform-1.5.4.jar;C:\Users\rayud\.m2\repository\org\bytedeco\javacv\1.5.4\javacv-1.5.4.jar;C:\Users\rayud\.m2\repository\org\bytedeco\javacpp\1.5.4\javacpp-1.5.4.jar;C:\Users\rayud\.m2\repository\org\bytedeco\openblas\0.3.10-1.5.4\openblas-0.3.10-1.5.4.jar;C:\Users\rayud\.m2\repository\org\bytedeco\opencv\4.4.0-1.5.4\opencv-4.4.0-1.5.4.jar;C:\Users\rayud\.m2\repository\org\bytedeco\ffmpeg\4.3.1-1.5.4\ffmpeg-4.3.1-1.5.4.jar;C:\Users\rayud\.m2\repository\org\bytedeco\flycapture\2.13.3.31-1.5.4\flycapture-2.13.3.31-1.5.4.jar;C:\Users\rayud\.m2\repository\org\bytedeco\libdc1394\2.2.6-1.5.4\libdc1394-2.2.6-1.5.4.jar;C:\Users\rayud\.m2\repository\org\bytedeco\libfreenect\0.5.7-1.5.4\libfreenect-0.5.7-1.5.4.jar;C:\Users\rayud\.m2\repository\org\bytedeco\libfreenect2\0.2.0-1.5.4\libfreenect2-0.2.0-1.5.4.jar;C:\Users\rayud\.m2\repository\org\bytedeco\librealsense\1.12.4-1.5.4\librealsense-1.12.4-1.5.4.jar;C:\Users\rayud\.m2\repository\org\bytedeco\librealsense2\2.29.0-1.5.4\librealsense2-2.29.0-1.5.4.jar;C:\Users\rayud\.m2\repository\org\bytedeco\videoinput\0.200-1.5.4\videoinput-0.200-1.5.4.jar;C:\Users\rayud\.m2\repository\org\bytedeco\artoolkitplus\2.3.1-1.5.4\artoolkitplus-2.3.1-1.5.4.jar;C:\Users\rayud\.m2\repository\org\bytedeco\flandmark\1.07-1.5.4\flandmark-1.07-1.5.4.jar;C:\Users\rayud\.m2\repository\org\bytedeco\leptonica\1.80.0-1.5.4\leptonica-1.80.0-1.5.4.jar;C:\Users\rayud\.m2\repository\org\bytedeco\tesseract\4.1.1-1.5.4\tesseract-4.1.1-1.5.4.jar;C:\Users\rayud\.m2\repository\org\bytedeco\openblas-platform\0.3.10-1.5.4\openblas-platform-0.3.10-1.5.4.jar;C:\Users\rayud\.m2\repository\org\bytedeco\javacpp-platform\1.5.4\javacpp-platform-1.5.4.jar;C:\Users\rayud\.m2\repository\org\bytedeco\javacpp\1.5.4\javacpp-1.5.4-android-arm.jar;C:\Users\rayud\.m2\repository\org\bytedeco\javacpp\1.5.4\javacpp-1.5.4-android-arm64.jar;C:\Users\rayud\.m2\repository\org\bytedeco\javacpp\1.5.4\javacpp-1.5.4-android-x86.jar;C:\Users\rayud\.m2\repository\org\bytedeco\javacpp\1.5.4\javacpp-1.5.4-android-x86_64.jar;C:\Users\rayud\.m2\repository\org\bytedeco\javacpp\1.5.4\javacpp-1.5.4-ios-arm64.jar;C:\Users\rayud\.m2\repository\org\bytedeco\javacpp\1.5.4\javacpp-1.5.4-ios-x86_64.jar;C:\Users\rayud\.m2\repository\org\bytedeco\javacpp\1.5.4\javacpp-1.5.4-linux-armhf.jar;C:\Users\rayud\.m2\repository\org\bytedeco\javacpp\1.5.4\javacpp-1.5.4-linux-arm64.jar;C:\Users\rayud\.m2\repository\org\bytedeco\javacpp\1.5.4\javacpp-1.5.4-linux-ppc64le.jar;C:\Users\rayud\.m2\repository\org\bytedeco\javacpp\1.5.4\javacpp-1.5.4-linux-x86.jar;C:\Users\rayud\.m2\repository\org\bytedeco\javacpp\1.5.4\javacpp-1.5.4-linux-x86_64.jar;C:\Users\rayud\.m2\repository\org\bytedeco\javacpp\1.5.4\javacpp-1.5.4-macosx-x86_64.jar;C:\Users\rayud\.m2\repository\org\bytedeco\javacpp\1.5.4\javacpp-1.5.4-windows-x86.jar;C:\Users\rayud\.m2\repository\org\bytedeco\javacpp\1.5.4\javacpp-1.5.4-windows-x86_64.jar;C:\Users\rayud\.m2\repository\org\bytedeco\openblas\0.3.10-1.5.4\openblas-0.3.10-1.5.4-android-arm.jar;C:\Users\rayud\.m2\repository\org\bytedeco\openblas\0.3.10-1.5.4\openblas-0.3.10-1.5.4-android-arm64.jar;C:\Users\rayud\.m2\repository\org\bytedeco\openblas\0.3.10-1.5.4\openblas-0.3.10-1.5.4-android-x86.jar;C:\Users\rayud\.m2\repository\org\bytedeco\openblas\0.3.10-1.5.4\openblas-0.3.10-1.5.4-android-x86_64.jar;C:\Users\rayud\.m2\repository\org\bytedeco\openblas\0.3.10-1.5.4\openblas-0.3.10-1.5.4-ios-arm64.jar;C:\Users\rayud\.m2\repository\org\bytedeco\openblas\0.3.10-1.5.4\openblas-0.3.10-1.5.4-ios-x86_64.jar;C:\Users\rayud\.m2\repository\org\bytedeco\openblas\0.3.10-1.5.4\openblas-0.3.10-1.5.4-linux-x86.jar;C:\Users\rayud\.m2\repository\org\bytedeco\openblas\0.3.10-1.5.4\openblas-0.3.10-1.5.4-linux-x86_64.jar;C:\Users\rayud\.m2\repository\org\bytedeco\openblas\0.3.10-1.5.4\openblas-0.3.10-1.5.4-linux-armhf.jar;C:\Users\rayud\.m2\repository\org\bytedeco\openblas\0.3.10-1.5.4\openblas-0.3.10-1.5.4-linux-arm64.jar;C:\Users\rayud\.m2\repository\org\bytedeco\openblas\0.3.10-1.5.4\openblas-0.3.10-1.5.4-linux-ppc64le.jar;C:\Users\rayud\.m2\repository\org\bytedeco\openblas\0.3.10-1.5.4\openblas-0.3.10-1.5.4-macosx-x86_64.jar;C:\Users\rayud\.m2\repository\org\bytedeco\openblas\0.3.10-1.5.4\openblas-0.3.10-1.5.4-windows-x86.jar;C:\Users\rayud\.m2\repository\org\bytedeco\openblas\0.3.10-1.5.4\openblas-0.3.10-1.5.4-windows-x86_64.jar;C:\Users\rayud\.m2\repository\org\bytedeco\opencv-platform\4.4.0-1.5.4\opencv-platform-4.4.0-1.5.4.jar;C:\Users\rayud\.m2\repository\org\bytedeco\opencv\4.4.0-1.5.4\opencv-4.4.0-1.5.4-android-arm.jar;C:\Users\rayud\.m2\repository\org\bytedeco\opencv\4.4.0-1.5.4\opencv-4.4.0-1.5.4-android-arm64.jar;C:\Users\rayud\.m2\repository\org\bytedeco\opencv\4.4.0-1.5.4\opencv-4.4.0-1.5.4-android-x86.jar;C:\Users\rayud\.m2\repository\org\bytedeco\opencv\4.4.0-1.5.4\opencv-4.4.0-1.5.4-android-x86_64.jar;C:\Users\rayud\.m2\repository\org\bytedeco\opencv\4.4.0-1.5.4\opencv-4.4.0-1.5.4-ios-arm64.jar;C:\Users\rayud\.m2\repository\org\bytedeco\opencv\4.4.0-1.5.4\opencv-4.4.0-1.5.4-ios-x86_64.jar;C:\Users\rayud\.m2\repository\org\bytedeco\opencv\4.4.0-1.5.4\opencv-4.4.0-1.5.4-linux-x86.jar;C:\Users\rayud\.m2\repository\org\bytedeco\opencv\4.4.0-1.5.4\opencv-4.4.0-1.5.4-linux-x86_64.jar;C:\Users\rayud\.m2\repository\org\bytedeco\opencv\4.4.0-1.5.4\opencv-4.4.0-1.5.4-linux-armhf.jar;C:\Users\rayud\.m2\repository\org\bytedeco\opencv\4.4.0-1.5.4\opencv-4.4.0-1.5.4-linux-arm64.jar;C:\Users\rayud\.m2\repository\org\bytedeco\opencv\4.4.0-1.5.4\opencv-4.4.0-1.5.4-linux-ppc64le.jar;C:\Users\rayud\.m2\repository\org\bytedeco\opencv\4.4.0-1.5.4\opencv-4.4.0-1.5.4-macosx-x86_64.jar;C:\Users\rayud\.m2\repository\org\bytedeco\opencv\4.4.0-1.5.4\opencv-4.4.0-1.5.4-windows-x86.jar;C:\Users\rayud\.m2\repository\org\bytedeco\opencv\4.4.0-1.5.4\opencv-4.4.0-1.5.4-windows-x86_64.jar;C:\Users\rayud\.m2\repository\org\bytedeco\ffmpeg-platform\4.3.1-1.5.4\ffmpeg-platform-4.3.1-1.5.4.jar;C:\Users\rayud\.m2\repository\org\bytedeco\ffmpeg\4.3.1-1.5.4\ffmpeg-4.3.1-1.5.4-android-arm.jar;C:\Users\rayud\.m2\repository\org\bytedeco\ffmpeg\4.3.1-1.5.4\ffmpeg-4.3.1-1.5.4-android-arm64.jar;C:\Users\rayud\.m2\repository\org\bytedeco\ffmpeg\4.3.1-1.5.4\ffmpeg-4.3.1-1.5.4-android-x86.jar;C:\Users\rayud\.m2\repository\org\bytedeco\ffmpeg\4.3.1-1.5.4\ffmpeg-4.3.1-1.5.4-android-x86_64.jar;C:\Users\rayud\.m2\repository\org\bytedeco\ffmpeg\4.3.1-1.5.4\ffmpeg-4.3.1-1.5.4-linux-x86.jar;C:\Users\rayud\.m2\repository\org\bytedeco\ffmpeg\4.3.1-1.5.4\ffmpeg-4.3.1-1.5.4-linux-x86_64.jar;C:\Users\rayud\.m2\repository\org\bytedeco\ffmpeg\4.3.1-1.5.4\ffmpeg-4.3.1-1.5.4-linux-armhf.jar;C:\Users\rayud\.m2\repository\org\bytedeco\ffmpeg\4.3.1-1.5.4\ffmpeg-4.3.1-1.5.4-linux-arm64.jar;C:\Users\rayud\.m2\repository\org\bytedeco\ffmpeg\4.3.1-1.5.4\ffmpeg-4.3.1-1.5.4-linux-ppc64le.jar;C:\Users\rayud\.m2\repository\org\bytedeco\ffmpeg\4.3.1-1.5.4\ffmpeg-4.3.1-1.5.4-macosx-x86_64.jar;C:\Users\rayud\.m2\repository\org\bytedeco\ffmpeg\4.3.1-1.5.4\ffmpeg-4.3.1-1.5.4-windows-x86.jar;C:\Users\rayud\.m2\repository\org\bytedeco\ffmpeg\4.3.1-1.5.4\ffmpeg-4.3.1-1.5.4-windows-x86_64.jar;C:\Users\rayud\.m2\repository\org\bytedeco\flycapture-platform\2.13.3.31-1.5.4\flycapture-platform-2.13.3.31-1.5.4.jar;C:\Users\rayud\.m2\repository\org\bytedeco\flycapture\2.13.3.31-1.5.4\flycapture-2.13.3.31-1.5.4-linux-x86.jar;C:\Users\rayud\.m2\repository\org\bytedeco\flycapture\2.13.3.31-1.5.4\flycapture-2.13.3.31-1.5.4-linux-x86_64.jar;C:\Users\rayud\.m2\repository\org\bytedeco\flycapture\2.13.3.31-1.5.4\flycapture-2.13.3.31-1.5.4-linux-armhf.jar;C:\Users\rayud\.m2\repository\org\bytedeco\flycapture\2.13.3.31-1.5.4\flycapture-2.13.3.31-1.5.4-linux-arm64.jar;C:\Users\rayud\.m2\repository\org\bytedeco\flycapture\2.13.3.31-1.5.4\flycapture-2.13.3.31-1.5.4-windows-x86.jar;C:\Users\rayud\.m2\repository\org\bytedeco\flycapture\2.13.3.31-1.5.4\flycapture-2.13.3.31-1.5.4-windows-x86_64.jar;C:\Users\rayud\.m2\repository\org\bytedeco\libdc1394-platform\2.2.6-1.5.4\libdc1394-platform-2.2.6-1.5.4.jar;C:\Users\rayud\.m2\repository\org\bytedeco\libdc1394\2.2.6-1.5.4\libdc1394-2.2.6-1.5.4-linux-x86.jar;C:\Users\rayud\.m2\repository\org\bytedeco\libdc1394\2.2.6-1.5.4\libdc1394-2.2.6-1.5.4-linux-x86_64.jar;C:\Users\rayud\.m2\repository\org\bytedeco\libdc1394\2.2.6-1.5.4\libdc1394-2.2.6-1.5.4-linux-armhf.jar;C:\Users\rayud\.m2\repository\org\bytedeco\libdc1394\2.2.6-1.5.4\libdc1394-2.2.6-1.5.4-linux-arm64.jar;C:\Users\rayud\.m2\repository\org\bytedeco\libdc1394\2.2.6-1.5.4\libdc1394-2.2.6-1.5.4-linux-ppc64le.jar;C:\Users\rayud\.m2\repository\org\bytedeco\libdc1394\2.2.6-1.5.4\libdc1394-2.2.6-1.5.4-macosx-x86_64.jar;C:\Users\rayud\.m2\repository\org\bytedeco\libdc1394\2.2.6-1.5.4\libdc1394-2.2.6-1.5.4-windows-x86.jar;C:\Users\rayud\.m2\repository\org\bytedeco\libdc1394\2.2.6-1.5.4\libdc1394-2.2.6-1.5.4-windows-x86_64.jar;C:\Users\rayud\.m2\repository\org\bytedeco\libfreenect-platform\0.5.7-1.5.4\libfreenect-platform-0.5.7-1.5.4.jar;C:\Users\rayud\.m2\repository\org\bytedeco\libfreenect\0.5.7-1.5.4\libfreenect-0.5.7-1.5.4-linux-x86.jar;C:\Users\rayud\.m2\repository\org\bytedeco\libfreenect\0.5.7-1.5.4\libfreenect-0.5.7-1.5.4-linux-x86_64.jar;C:\Users\rayud\.m2\repository\org\bytedeco\libfreenect\0.5.7-1.5.4\libfreenect-0.5.7-1.5.4-linux-armhf.jar;C:\Users\rayud\.m2\repository\org\bytedeco\libfreenect\0.5.7-1.5.4\libfreenect-0.5.7-1.5.4-linux-arm64.jar;C:\Users\rayud\.m2\repository\org\bytedeco\libfreenect\0.5.7-1.5.4\libfreenect-0.5.7-1.5.4-linux-ppc64le.jar;C:\Users\rayud\.m2\repository\org\bytedeco\libfreenect\0.5.7-1.5.4\libfreenect-0.5.7-1.5.4-macosx-x86_64.jar;C:\Users\rayud\.m2\repository\org\bytedeco\libfreenect\0.5.7-1.5.4\libfreenect-0.5.7-1.5.4-windows-x86.jar;C:\Users\rayud\.m2\repository\org\bytedeco\libfreenect\0.5.7-1.5.4\libfreenect-0.5.7-1.5.4-windows-x86_64.jar;C:\Users\rayud\.m2\repository\org\bytedeco\libfreenect2-platform\0.2.0-1.5.4\libfreenect2-platform-0.2.0-1.5.4.jar;C:\Users\rayud\.m2\repository\org\bytedeco\libfreenect2\0.2.0-1.5.4\libfreenect2-0.2.0-1.5.4-linux-x86.jar;C:\Users\rayud\.m2\repository\org\bytedeco\libfreenect2\0.2.0-1.5.4\libfreenect2-0.2.0-1.5.4-linux-x86_64.jar;C:\Users\rayud\.m2\repository\org\bytedeco\libfreenect2\0.2.0-1.5.4\libfreenect2-0.2.0-1.5.4-macosx-x86_64.jar;C:\Users\rayud\.m2\repository\org\bytedeco\libfreenect2\0.2.0-1.5.4\libfreenect2-0.2.0-1.5.4-windows-x86_64.jar;C:\Users\rayud\.m2\repository\org\bytedeco\librealsense-platform\1.12.4-1.5.4\librealsense-platform-1.12.4-1.5.4.jar;C:\Users\rayud\.m2\repository\org\bytedeco\librealsense\1.12.4-1.5.4\librealsense-1.12.4-1.5.4-linux-x86.jar;C:\Users\rayud\.m2\repository\org\bytedeco\librealsense\1.12.4-1.5.4\librealsense-1.12.4-1.5.4-linux-x86_64.jar;C:\Users\rayud\.m2\repository\org\bytedeco\librealsense\1.12.4-1.5.4\librealsense-1.12.4-1.5.4-macosx-x86_64.jar;C:\Users\rayud\.m2\repository\org\bytedeco\librealsense\1.12.4-1.5.4\librealsense-1.12.4-1.5.4-windows-x86.jar;C:\Users\rayud\.m2\repository\org\bytedeco\librealsense\1.12.4-1.5.4\librealsense-1.12.4-1.5.4-windows-x86_64.jar;C:\Users\rayud\.m2\repository\org\bytedeco\librealsense2-platform\2.29.0-1.5.4\librealsense2-platform-2.29.0-1.5.4.jar;C:\Users\rayud\.m2\repository\org\bytedeco\librealsense2\2.29.0-1.5.4\librealsense2-2.29.0-1.5.4-linux-x86.jar;C:\Users\rayud\.m2\repository\org\bytedeco\librealsense2\2.29.0-1.5.4\librealsense2-2.29.0-1.5.4-linux-x86_64.jar;C:\Users\rayud\.m2\repository\org\bytedeco\librealsense2\2.29.0-1.5.4\librealsense2-2.29.0-1.5.4-macosx-x86_64.jar;C:\Users\rayud\.m2\repository\org\bytedeco\librealsense2\2.29.0-1.5.4\librealsense2-2.29.0-1.5.4-windows-x86.jar;C:\Users\rayud\.m2\repository\org\bytedeco\librealsense2\2.29.0-1.5.4\librealsense2-2.29.0-1.5.4-windows-x86_64.jar;C:\Users\rayud\.m2\repository\org\bytedeco\videoinput-platform\0.200-1.5.4\videoinput-platform-0.200-1.5.4.jar;C:\Users\rayud\.m2\repository\org\bytedeco\videoinput\0.200-1.5.4\videoinput-0.200-1.5.4-windows-x86.jar;C:\Users\rayud\.m2\repository\org\bytedeco\videoinput\0.200-1.5.4\videoinput-0.200-1.5.4-windows-x86_64.jar;C:\Users\rayud\.m2\repository\org\bytedeco\artoolkitplus-platform\2.3.1-1.5.4\artoolkitplus-platform-2.3.1-1.5.4.jar;C:\Users\rayud\.m2\repository\org\bytedeco\artoolkitplus\2.3.1-1.5.4\artoolkitplus-2.3.1-1.5.4-android-arm.jar;C:\Users\rayud\.m2\repository\org\bytedeco\artoolkitplus\2.3.1-1.5.4\artoolkitplus-2.3.1-1.5.4-android-arm64.jar;C:\Users\rayud\.m2\repository\org\bytedeco\artoolkitplus\2.3.1-1.5.4\artoolkitplus-2.3.1-1.5.4-android-x86.jar;C:\Users\rayud\.m2\repository\org\bytedeco\artoolkitplus\2.3.1-1.5.4\artoolkitplus-2.3.1-1.5.4-android-x86_64.jar;C:\Users\rayud\.m2\repository\org\bytedeco\artoolkitplus\2.3.1-1.5.4\artoolkitplus-2.3.1-1.5.4-linux-x86.jar;C:\Users\rayud\.m2\repository\org\bytedeco\artoolkitplus\2.3.1-1.5.4\artoolkitplus-2.3.1-1.5.4-linux-x86_64.jar;C:\Users\rayud\.m2\repository\org\bytedeco\artoolkitplus\2.3.1-1.5.4\artoolkitplus-2.3.1-1.5.4-linux-armhf.jar;C:\Users\rayud\.m2\repository\org\bytedeco\artoolkitplus\2.3.1-1.5.4\artoolkitplus-2.3.1-1.5.4-linux-arm64.jar;C:\Users\rayud\.m2\repository\org\bytedeco\artoolkitplus\2.3.1-1.5.4\artoolkitplus-2.3.1-1.5.4-linux-ppc64le.jar;C:\Users\rayud\.m2\repository\org\bytedeco\artoolkitplus\2.3.1-1.5.4\artoolkitplus-2.3.1-1.5.4-macosx-x86_64.jar;C:\Users\rayud\.m2\repository\org\bytedeco\artoolkitplus\2.3.1-1.5.4\artoolkitplus-2.3.1-1.5.4-windows-x86.jar;C:\Users\rayud\.m2\repository\org\bytedeco\artoolkitplus\2.3.1-1.5.4\artoolkitplus-2.3.1-1.5.4-windows-x86_64.jar;C:\Users\rayud\.m2\repository\org\bytedeco\flandmark-platform\1.07-1.5.4\flandmark-platform-1.07-1.5.4.jar;C:\Users\rayud\.m2\repository\org\bytedeco\flandmark\1.07-1.5.4\flandmark-1.07-1.5.4-android-arm.jar;C:\Users\rayud\.m2\repository\org\bytedeco\flandmark\1.07-1.5.4\flandmark-1.07-1.5.4-android-arm64.jar;C:\Users\rayud\.m2\repository\org\bytedeco\flandmark\1.07-1.5.4\flandmark-1.07-1.5.4-android-x86.jar;C:\Users\rayud\.m2\repository\org\bytedeco\flandmark\1.07-1.5.4\flandmark-1.07-1.5.4-android-x86_64.jar;C:\Users\rayud\.m2\repository\org\bytedeco\flandmark\1.07-1.5.4\flandmark-1.07-1.5.4-linux-x86.jar;C:\Users\rayud\.m2\repository\org\bytedeco\flandmark\1.07-1.5.4\flandmark-1.07-1.5.4-linux-x86_64.jar;C:\Users\rayud\.m2\repository\org\bytedeco\flandmark\1.07-1.5.4\flandmark-1.07-1.5.4-linux-armhf.jar;C:\Users\rayud\.m2\repository\org\bytedeco\flandmark\1.07-1.5.4\flandmark-1.07-1.5.4-linux-arm64.jar;C:\Users\rayud\.m2\repository\org\bytedeco\flandmark\1.07-1.5.4\flandmark-1.07-1.5.4-linux-ppc64le.jar;C:\Users\rayud\.m2\repository\org\bytedeco\flandmark\1.07-1.5.4\flandmark-1.07-1.5.4-macosx-x86_64.jar;C:\Users\rayud\.m2\repository\org\bytedeco\flandmark\1.07-1.5.4\flandmark-1.07-1.5.4-windows-x86.jar;C:\Users\rayud\.m2\repository\org\bytedeco\flandmark\1.07-1.5.4\flandmark-1.07-1.5.4-windows-x86_64.jar;C:\Users\rayud\.m2\repository\org\bytedeco\leptonica-platform\1.80.0-1.5.4\leptonica-platform-1.80.0-1.5.4.jar;C:\Users\rayud\.m2\repository\org\bytedeco\leptonica\1.80.0-1.5.4\leptonica-1.80.0-1.5.4-android-arm.jar;C:\Users\rayud\.m2\repository\org\bytedeco\leptonica\1.80.0-1.5.4\leptonica-1.80.0-1.5.4-android-arm64.jar;C:\Users\rayud\.m2\repository\org\bytedeco\leptonica\1.80.0-1.5.4\leptonica-1.80.0-1.5.4-android-x86.jar;C:\Users\rayud\.m2\repository\org\bytedeco\leptonica\1.80.0-1.5.4\leptonica-1.80.0-1.5.4-android-x86_64.jar;C:\Users\rayud\.m2\repository\org\bytedeco\leptonica\1.80.0-1.5.4\leptonica-1.80.0-1.5.4-linux-x86.jar;C:\Users\rayud\.m2\repository\org\bytedeco\leptonica\1.80.0-1.5.4\leptonica-1.80.0-1.5.4-linux-x86_64.jar;C:\Users\rayud\.m2\repository\org\bytedeco\leptonica\1.80.0-1.5.4\leptonica-1.80.0-1.5.4-linux-armhf.jar;C:\Users\rayud\.m2\repository\org\bytedeco\leptonica\1.80.0-1.5.4\leptonica-1.80.0-1.5.4-linux-arm64.jar;C:\Users\rayud\.m2\repository\org\bytedeco\leptonica\1.80.0-1.5.4\leptonica-1.80.0-1.5.4-linux-ppc64le.jar;C:\Users\rayud\.m2\repository\org\bytedeco\leptonica\1.80.0-1.5.4\leptonica-1.80.0-1.5.4-macosx-x86_64.jar;C:\Users\rayud\.m2\repository\org\bytedeco\leptonica\1.80.0-1.5.4\leptonica-1.80.0-1.5.4-windows-x86.jar;C:\Users\rayud\.m2\repository\org\bytedeco\leptonica\1.80.0-1.5.4\leptonica-1.80.0-1.5.4-windows-x86_64.jar;C:\Users\rayud\.m2\repository\org\bytedeco\tesseract-platform\4.1.1-1.5.4\tesseract-platform-4.1.1-1.5.4.jar;C:\Users\rayud\.m2\repository\org\bytedeco\tesseract\4.1.1-1.5.4\tesseract-4.1.1-1.5.4-android-arm.jar;C:\Users\rayud\.m2\repository\org\bytedeco\tesseract\4.1.1-1.5.4\tesseract-4.1.1-1.5.4-android-arm64.jar;C:\Users\rayud\.m2\repository\org\bytedeco\tesseract\4.1.1-1.5.4\tesseract-4.1.1-1.5.4-android-x86.jar;C:\Users\rayud\.m2\repository\org\bytedeco\tesseract\4.1.1-1.5.4\tesseract-4.1.1-1.5.4-android-x86_64.jar;C:\Users\rayud\.m2\repository\org\bytedeco\tesseract\4.1.1-1.5.4\tesseract-4.1.1-1.5.4-linux-x86.jar;C:\Users\rayud\.m2\repository\org\bytedeco\tesseract\4.1.1-1.5.4\tesseract-4.1.1-1.5.4-linux-x86_64.jar;C:\Users\rayud\.m2\repository\org\bytedeco\tesseract\4.1.1-1.5.4\tesseract-4.1.1-1.5.4-linux-armhf.jar;C:\Users\rayud\.m2\repository\org\bytedeco\tesseract\4.1.1-1.5.4\tesseract-4.1.1-1.5.4-linux-arm64.jar;C:\Users\rayud\.m2\repository\org\bytedeco\tesseract\4.1.1-1.5.4\tesseract-4.1.1-1.5.4-linux-ppc64le.jar;C:\Users\rayud\.m2\repository\org\bytedeco\tesseract\4.1.1-1.5.4\tesseract-4.1.1-1.5.4-macosx-x86_64.jar;C:\Users\rayud\.m2\repository\org\bytedeco\tesseract\4.1.1-1.5.4\tesseract-4.1.1-1.5.4-windows-x86.jar;C:\Users\rayud\.m2\repository\org\bytedeco\tesseract\4.1.1-1.5.4\tesseract-4.1.1-1.5.4-windows-x86_64.jar;C:\Users\rayud\.m2\repository\com\sun\mail\javax.mail\1.6.2\javax.mail-1.6.2.jar;C:\Users\rayud\.m2\repository\javax\activation\activation\1.1\activation-1.1.jar;C:\Users\rayud\.m2\repository\org\jsoup\jsoup\1.14.3\jsoup-1.14.3.jar;C:\Users\rayud\.m2\repository\io\cucumber\cucumber-java\7.0.0\cucumber-java-7.0.0.jar;C:\Users\rayud\.m2\repository\io\cucumber\cucumber-core\7.0.0\cucumber-core-7.0.0.jar;C:\Users\rayud\.m2\repository\io\cucumber\cucumber-gherkin\7.0.0\cucumber-gherkin-7.0.0.jar;C:\Users\rayud\.m2\repository\io\cucumber\cucumber-gherkin-messages\7.0.0\cucumber-gherkin-messages-7.0.0.jar;C:\Users\rayud\.m2\repository\io\cucumber\messages\17.1.1\messages-17.1.1.jar;C:\Users\rayud\.m2\repository\io\cucumber\tag-expressions\4.0.2\tag-expressions-4.0.2.jar;C:\Users\rayud\.m2\repository\io\cucumber\cucumber-expressions\13.0.1\cucumber-expressions-13.0.1.jar;C:\Users\rayud\.m2\repository\io\cucumber\datatable\7.0.0\datatable-7.0.0.jar;C:\Users\rayud\.m2\repository\io\cucumber\cucumber-plugin\7.0.0\cucumber-plugin-7.0.0.jar;C:\Users\rayud\.m2\repository\io\cucumber\docstring\7.0.0\docstring-7.0.0.jar;C:\Users\rayud\.m2\repository\io\cucumber\html-formatter\17.0.0\html-formatter-17.0.0.jar;C:\Users\rayud\.m2\repository\io\cucumber\create-meta\6.0.1\create-meta-6.0.1.jar;C:\Users\rayud\.m2\repository\org\apiguardian\apiguardian-api\1.1.2\apiguardian-api-1.1.2.jar;C:\Users\rayud\.m2\repository\io\cucumber\cucumber-spring\7.0.0\cucumber-spring-7.0.0.jar;"/>
    <property name="java.vm.vendor" value="Oracle Corporation"/>
    <property name="sun.arch.data.model" value="64"/>
    <property name="user.variant" value=""/>
    <property name="java.vendor.url" value="https://java.oracle.com/"/>
    <property name="user.timezone" value="America/Chicago"/>
    <property name="os.name" value="Windows 11"/>
    <property name="java.vm.specification.version" value="21"/>
    <property name="sun.java.launcher" value="SUN_STANDARD"/>
    <property name="user.country" value="US"/>
    <property name="sun.boot.library.path" value="C:\Program Files\Java\jdk-21\bin"/>
    <property name="sun.java.command" value="C:\Users\rayud\AppData\Local\Temp\surefire2065647030980428978\surefirebooter-20240621115001454_3.jar C:\Users\rayud\AppData\Local\Temp\surefire2065647030980428978 2024-06-21T11-50-01_332-jvmRun1 surefire-20240621115001454_1tmp surefire_0-20240621115001454_2tmp"/>
    <property name="jdk.debug" value="release"/>
    <property name="surefire.test.class.path" value="C:\Users\rayud\eclipse-workspace\SeleniumWebdriver\target\test-classes;C:\Users\rayud\eclipse-workspace\SeleniumWebdriver\target\classes;C:\Users\rayud\.m2\repository\org\seleniumhq\selenium\selenium-java\4.21.0\selenium-java-4.21.0.jar;C:\Users\rayud\.m2\repository\org\seleniumhq\selenium\selenium-api\4.21.0\selenium-api-4.21.0.jar;C:\Users\rayud\.m2\repository\org\seleniumhq\selenium\selenium-chrome-driver\4.21.0\selenium-chrome-driver-4.21.0.jar;C:\Users\rayud\.m2\repository\com\google\auto\service\auto-service-annotations\1.1.1\auto-service-annotations-1.1.1.jar;C:\Users\rayud\.m2\repository\org\seleniumhq\selenium\selenium-chromium-driver\4.21.0\selenium-chromium-driver-4.21.0.jar;C:\Users\rayud\.m2\repository\org\seleniumhq\selenium\selenium-json\4.21.0\selenium-json-4.21.0.jar;C:\Users\rayud\.m2\repository\org\seleniumhq\selenium\selenium-manager\4.21.0\selenium-manager-4.21.0.jar;C:\Users\rayud\.m2\repository\org\seleniumhq\selenium\selenium-devtools-v123\4.21.0\selenium-devtools-v123-4.21.0.jar;C:\Users\rayud\.m2\repository\org\seleniumhq\selenium\selenium-devtools-v124\4.21.0\selenium-devtools-v124-4.21.0.jar;C:\Users\rayud\.m2\repository\org\seleniumhq\selenium\selenium-devtools-v125\4.21.0\selenium-devtools-v125-4.21.0.jar;C:\Users\rayud\.m2\repository\org\seleniumhq\selenium\selenium-devtools-v85\4.21.0\selenium-devtools-v85-4.21.0.jar;C:\Users\rayud\.m2\repository\org\seleniumhq\selenium\selenium-edge-driver\4.21.0\selenium-edge-driver-4.21.0.jar;C:\Users\rayud\.m2\repository\org\seleniumhq\selenium\selenium-firefox-driver\4.21.0\selenium-firefox-driver-4.21.0.jar;C:\Users\rayud\.m2\repository\org\seleniumhq\selenium\selenium-http\4.21.0\selenium-http-4.21.0.jar;C:\Users\rayud\.m2\repository\dev\failsafe\failsafe\3.3.2\failsafe-3.3.2.jar;C:\Users\rayud\.m2\repository\org\seleniumhq\selenium\selenium-ie-driver\4.21.0\selenium-ie-driver-4.21.0.jar;C:\Users\rayud\.m2\repository\org\seleniumhq\selenium\selenium-remote-driver\4.21.0\selenium-remote-driver-4.21.0.jar;C:\Users\rayud\.m2\repository\com\google\guava\guava\33.2.0-jre\guava-33.2.0-jre.jar;C:\Users\rayud\.m2\repository\com\google\guava\failureaccess\1.0.2\failureaccess-1.0.2.jar;C:\Users\rayud\.m2\repository\com\google\guava\listenablefuture\9999.0-empty-to-avoid-conflict-with-guava\listenablefuture-9999.0-empty-to-avoid-conflict-with-guava.jar;C:\Users\rayud\.m2\repository\com\google\code\findbugs\jsr305\3.0.2\jsr305-3.0.2.jar;C:\Users\rayud\.m2\repository\org\checkerframework\checker-qual\3.42.0\checker-qual-3.42.0.jar;C:\Users\rayud\.m2\repository\com\google\errorprone\error_prone_annotations\2.26.1\error_prone_annotations-2.26.1.jar;C:\Users\rayud\.m2\repository\com\google\j2objc\j2objc-annotations\3.0.0\j2objc-annotations-3.0.0.jar;C:\Users\rayud\.m2\repository\io\opentelemetry\semconv\opentelemetry-semconv\1.25.0-alpha\opentelemetry-semconv-1.25.0-alpha.jar;C:\Users\rayud\.m2\repository\io\opentelemetry\opentelemetry-api\1.38.0\opentelemetry-api-1.38.0.jar;C:\Users\rayud\.m2\repository\io\opentelemetry\opentelemetry-context\1.38.0\opentelemetry-context-1.38.0.jar;C:\Users\rayud\.m2\repository\io\opentelemetry\opentelemetry-exporter-logging\1.38.0\opentelemetry-exporter-logging-1.38.0.jar;C:\Users\rayud\.m2\repository\io\opentelemetry\opentelemetry-sdk-common\1.38.0\opentelemetry-sdk-common-1.38.0.jar;C:\Users\rayud\.m2\repository\io\opentelemetry\opentelemetry-sdk-extension-autoconfigure-spi\1.38.0\opentelemetry-sdk-extension-autoconfigure-spi-1.38.0.jar;C:\Users\rayud\.m2\repository\io\opentelemetry\opentelemetry-sdk-extension-autoconfigure\1.38.0\opentelemetry-sdk-extension-autoconfigure-1.38.0.jar;C:\Users\rayud\.m2\repository\io\opentelemetry\opentelemetry-api-incubator\1.38.0-alpha\opentelemetry-api-incubator-1.38.0-alpha.jar;C:\Users\rayud\.m2\repository\io\opentelemetry\opentelemetry-sdk-trace\1.38.0\opentelemetry-sdk-trace-1.38.0.jar;C:\Users\rayud\.m2\repository\io\opentelemetry\opentelemetry-sdk\1.38.0\opentelemetry-sdk-1.38.0.jar;C:\Users\rayud\.m2\repository\io\opentelemetry\opentelemetry-sdk-metrics\1.38.0\opentelemetry-sdk-metrics-1.38.0.jar;C:\Users\rayud\.m2\repository\io\opentelemetry\opentelemetry-sdk-logs\1.38.0\opentelemetry-sdk-logs-1.38.0.jar;C:\Users\rayud\.m2\repository\net\bytebuddy\byte-buddy\1.14.15\byte-buddy-1.14.15.jar;C:\Users\rayud\.m2\repository\org\seleniumhq\selenium\selenium-os\4.21.0\selenium-os-4.21.0.jar;C:\Users\rayud\.m2\repository\org\apache\commons\commons-exec\1.4.0\commons-exec-1.4.0.jar;C:\Users\rayud\.m2\repository\org\seleniumhq\selenium\selenium-safari-driver\4.21.0\selenium-safari-driver-4.21.0.jar;C:\Users\rayud\.m2\repository\org\seleniumhq\selenium\selenium-support\4.21.0\selenium-support-4.21.0.jar;C:\Users\rayud\.m2\repository\org\testng\testng\7.4.0\testng-7.4.0.jar;C:\Users\rayud\.m2\repository\com\beust\jcommander\1.78\jcommander-1.78.jar;C:\Users\rayud\.m2\repository\org\webjars\jquery\3.5.1\jquery-3.5.1.jar;C:\Users\rayud\.m2\repository\net\sourceforge\tess4j\tess4j\4.5.2\tess4j-4.5.2.jar;C:\Users\rayud\.m2\repository\net\java\dev\jna\jna\5.5.0\jna-5.5.0.jar;C:\Users\rayud\.m2\repository\com\github\jai-imageio\jai-imageio-core\1.4.0\jai-imageio-core-1.4.0.jar;C:\Users\rayud\.m2\repository\org\ghost4j\ghost4j\1.0.1\ghost4j-1.0.1.jar;C:\Users\rayud\.m2\repository\log4j\log4j\1.2.17\log4j-1.2.17.jar;C:\Users\rayud\.m2\repository\commons-beanutils\commons-beanutils\1.9.2\commons-beanutils-1.9.2.jar;C:\Users\rayud\.m2\repository\commons-collections\commons-collections\3.2.1\commons-collections-3.2.1.jar;C:\Users\rayud\.m2\repository\org\apache\xmlgraphics\xmlgraphics-commons\1.4\xmlgraphics-commons-1.4.jar;C:\Users\rayud\.m2\repository\com\lowagie\itext\2.1.7\itext-2.1.7.jar;C:\Users\rayud\.m2\repository\org\apache\pdfbox\pdfbox\2.0.20\pdfbox-2.0.20.jar;C:\Users\rayud\.m2\repository\org\apache\pdfbox\fontbox\2.0.20\fontbox-2.0.20.jar;C:\Users\rayud\.m2\repository\commons-logging\commons-logging\1.2\commons-logging-1.2.jar;C:\Users\rayud\.m2\repository\org\apache\pdfbox\pdfbox-tools\2.0.20\pdfbox-tools-2.0.20.jar;C:\Users\rayud\.m2\repository\org\apache\pdfbox\pdfbox-debugger\2.0.20\pdfbox-debugger-2.0.20.jar;C:\Users\rayud\.m2\repository\org\apache\pdfbox\jbig2-imageio\3.0.3\jbig2-imageio-3.0.3.jar;C:\Users\rayud\.m2\repository\commons-io\commons-io\2.7\commons-io-2.7.jar;C:\Users\rayud\.m2\repository\net\sourceforge\lept4j\lept4j\1.13.1\lept4j-1.13.1.jar;C:\Users\rayud\.m2\repository\org\jboss\jboss-vfs\3.2.15.Final\jboss-vfs-3.2.15.Final.jar;C:\Users\rayud\.m2\repository\org\jboss\logging\jboss-logging\3.1.4.GA\jboss-logging-3.1.4.GA.jar;C:\Users\rayud\.m2\repository\ch\qos\logback\logback-classic\1.2.3\logback-classic-1.2.3.jar;C:\Users\rayud\.m2\repository\ch\qos\logback\logback-core\1.2.3\logback-core-1.2.3.jar;C:\Users\rayud\.m2\repository\org\slf4j\slf4j-api\1.7.30\slf4j-api-1.7.30.jar;C:\Users\rayud\.m2\repository\org\bytedeco\javacv-platform\1.5.4\javacv-platform-1.5.4.jar;C:\Users\rayud\.m2\repository\org\bytedeco\javacv\1.5.4\javacv-1.5.4.jar;C:\Users\rayud\.m2\repository\org\bytedeco\javacpp\1.5.4\javacpp-1.5.4.jar;C:\Users\rayud\.m2\repository\org\bytedeco\openblas\0.3.10-1.5.4\openblas-0.3.10-1.5.4.jar;C:\Users\rayud\.m2\repository\org\bytedeco\opencv\4.4.0-1.5.4\opencv-4.4.0-1.5.4.jar;C:\Users\rayud\.m2\repository\org\bytedeco\ffmpeg\4.3.1-1.5.4\ffmpeg-4.3.1-1.5.4.jar;C:\Users\rayud\.m2\repository\org\bytedeco\flycapture\2.13.3.31-1.5.4\flycapture-2.13.3.31-1.5.4.jar;C:\Users\rayud\.m2\repository\org\bytedeco\libdc1394\2.2.6-1.5.4\libdc1394-2.2.6-1.5.4.jar;C:\Users\rayud\.m2\repository\org\bytedeco\libfreenect\0.5.7-1.5.4\libfreenect-0.5.7-1.5.4.jar;C:\Users\rayud\.m2\repository\org\bytedeco\libfreenect2\0.2.0-1.5.4\libfreenect2-0.2.0-1.5.4.jar;C:\Users\rayud\.m2\repository\org\bytedeco\librealsense\1.12.4-1.5.4\librealsense-1.12.4-1.5.4.jar;C:\Users\rayud\.m2\repository\org\bytedeco\librealsense2\2.29.0-1.5.4\librealsense2-2.29.0-1.5.4.jar;C:\Users\rayud\.m2\repository\org\bytedeco\videoinput\0.200-1.5.4\videoinput-0.200-1.5.4.jar;C:\Users\rayud\.m2\repository\org\bytedeco\artoolkitplus\2.3.1-1.5.4\artoolkitplus-2.3.1-1.5.4.jar;C:\Users\rayud\.m2\repository\org\bytedeco\flandmark\1.07-1.5.4\flandmark-1.07-1.5.4.jar;C:\Users\rayud\.m2\repository\org\bytedeco\leptonica\1.80.0-1.5.4\leptonica-1.80.0-1.5.4.jar;C:\Users\rayud\.m2\repository\org\bytedeco\tesseract\4.1.1-1.5.4\tesseract-4.1.1-1.5.4.jar;C:\Users\rayud\.m2\repository\org\bytedeco\openblas-platform\0.3.10-1.5.4\openblas-platform-0.3.10-1.5.4.jar;C:\Users\rayud\.m2\repository\org\bytedeco\javacpp-platform\1.5.4\javacpp-platform-1.5.4.jar;C:\Users\rayud\.m2\repository\org\bytedeco\javacpp\1.5.4\javacpp-1.5.4-android-arm.jar;C:\Users\rayud\.m2\repository\org\bytedeco\javacpp\1.5.4\javacpp-1.5.4-android-arm64.jar;C:\Users\rayud\.m2\repository\org\bytedeco\javacpp\1.5.4\javacpp-1.5.4-android-x86.jar;C:\Users\rayud\.m2\repository\org\bytedeco\javacpp\1.5.4\javacpp-1.5.4-android-x86_64.jar;C:\Users\rayud\.m2\repository\org\bytedeco\javacpp\1.5.4\javacpp-1.5.4-ios-arm64.jar;C:\Users\rayud\.m2\repository\org\bytedeco\javacpp\1.5.4\javacpp-1.5.4-ios-x86_64.jar;C:\Users\rayud\.m2\repository\org\bytedeco\javacpp\1.5.4\javacpp-1.5.4-linux-armhf.jar;C:\Users\rayud\.m2\repository\org\bytedeco\javacpp\1.5.4\javacpp-1.5.4-linux-arm64.jar;C:\Users\rayud\.m2\repository\org\bytedeco\javacpp\1.5.4\javacpp-1.5.4-linux-ppc64le.jar;C:\Users\rayud\.m2\repository\org\bytedeco\javacpp\1.5.4\javacpp-1.5.4-linux-x86.jar;C:\Users\rayud\.m2\repository\org\bytedeco\javacpp\1.5.4\javacpp-1.5.4-linux-x86_64.jar;C:\Users\rayud\.m2\repository\org\bytedeco\javacpp\1.5.4\javacpp-1.5.4-macosx-x86_64.jar;C:\Users\rayud\.m2\repository\org\bytedeco\javacpp\1.5.4\javacpp-1.5.4-windows-x86.jar;C:\Users\rayud\.m2\repository\org\bytedeco\javacpp\1.5.4\javacpp-1.5.4-windows-x86_64.jar;C:\Users\rayud\.m2\repository\org\bytedeco\openblas\0.3.10-1.5.4\openblas-0.3.10-1.5.4-android-arm.jar;C:\Users\rayud\.m2\repository\org\bytedeco\openblas\0.3.10-1.5.4\openblas-0.3.10-1.5.4-android-arm64.jar;C:\Users\rayud\.m2\repository\org\bytedeco\openblas\0.3.10-1.5.4\openblas-0.3.10-1.5.4-android-x86.jar;C:\Users\rayud\.m2\repository\org\bytedeco\openblas\0.3.10-1.5.4\openblas-0.3.10-1.5.4-android-x86_64.jar;C:\Users\rayud\.m2\repository\org\bytedeco\openblas\0.3.10-1.5.4\openblas-0.3.10-1.5.4-ios-arm64.jar;C:\Users\rayud\.m2\repository\org\bytedeco\openblas\0.3.10-1.5.4\openblas-0.3.10-1.5.4-ios-x86_64.jar;C:\Users\rayud\.m2\repository\org\bytedeco\openblas\0.3.10-1.5.4\openblas-0.3.10-1.5.4-linux-x86.jar;C:\Users\rayud\.m2\repository\org\bytedeco\openblas\0.3.10-1.5.4\openblas-0.3.10-1.5.4-linux-x86_64.jar;C:\Users\rayud\.m2\repository\org\bytedeco\openblas\0.3.10-1.5.4\openblas-0.3.10-1.5.4-linux-armhf.jar;C:\Users\rayud\.m2\repository\org\bytedeco\openblas\0.3.10-1.5.4\openblas-0.3.10-1.5.4-linux-arm64.jar;C:\Users\rayud\.m2\repository\org\bytedeco\openblas\0.3.10-1.5.4\openblas-0.3.10-1.5.4-linux-ppc64le.jar;C:\Users\rayud\.m2\repository\org\bytedeco\openblas\0.3.10-1.5.4\openblas-0.3.10-1.5.4-macosx-x86_64.jar;C:\Users\rayud\.m2\repository\org\bytedeco\openblas\0.3.10-1.5.4\openblas-0.3.10-1.5.4-windows-x86.jar;C:\Users\rayud\.m2\repository\org\bytedeco\openblas\0.3.10-1.5.4\openblas-0.3.10-1.5.4-windows-x86_64.jar;C:\Users\rayud\.m2\repository\org\bytedeco\opencv-platform\4.4.0-1.5.4\opencv-platform-4.4.0-1.5.4.jar;C:\Users\rayud\.m2\repository\org\bytedeco\opencv\4.4.0-1.5.4\opencv-4.4.0-1.5.4-android-arm.jar;C:\Users\rayud\.m2\repository\org\bytedeco\opencv\4.4.0-1.5.4\opencv-4.4.0-1.5.4-android-arm64.jar;C:\Users\rayud\.m2\repository\org\bytedeco\opencv\4.4.0-1.5.4\opencv-4.4.0-1.5.4-android-x86.jar;C:\Users\rayud\.m2\repository\org\bytedeco\opencv\4.4.0-1.5.4\opencv-4.4.0-1.5.4-android-x86_64.jar;C:\Users\rayud\.m2\repository\org\bytedeco\opencv\4.4.0-1.5.4\opencv-4.4.0-1.5.4-ios-arm64.jar;C:\Users\rayud\.m2\repository\org\bytedeco\opencv\4.4.0-1.5.4\opencv-4.4.0-1.5.4-ios-x86_64.jar;C:\Users\rayud\.m2\repository\org\bytedeco\opencv\4.4.0-1.5.4\opencv-4.4.0-1.5.4-linux-x86.jar;C:\Users\rayud\.m2\repository\org\bytedeco\opencv\4.4.0-1.5.4\opencv-4.4.0-1.5.4-linux-x86_64.jar;C:\Users\rayud\.m2\repository\org\bytedeco\opencv\4.4.0-1.5.4\opencv-4.4.0-1.5.4-linux-armhf.jar;C:\Users\rayud\.m2\repository\org\bytedeco\opencv\4.4.0-1.5.4\opencv-4.4.0-1.5.4-linux-arm64.jar;C:\Users\rayud\.m2\repository\org\bytedeco\opencv\4.4.0-1.5.4\opencv-4.4.0-1.5.4-linux-ppc64le.jar;C:\Users\rayud\.m2\repository\org\bytedeco\opencv\4.4.0-1.5.4\opencv-4.4.0-1.5.4-macosx-x86_64.jar;C:\Users\rayud\.m2\repository\org\bytedeco\opencv\4.4.0-1.5.4\opencv-4.4.0-1.5.4-windows-x86.jar;C:\Users\rayud\.m2\repository\org\bytedeco\opencv\4.4.0-1.5.4\opencv-4.4.0-1.5.4-windows-x86_64.jar;C:\Users\rayud\.m2\repository\org\bytedeco\ffmpeg-platform\4.3.1-1.5.4\ffmpeg-platform-4.3.1-1.5.4.jar;C:\Users\rayud\.m2\repository\org\bytedeco\ffmpeg\4.3.1-1.5.4\ffmpeg-4.3.1-1.5.4-android-arm.jar;C:\Users\rayud\.m2\repository\org\bytedeco\ffmpeg\4.3.1-1.5.4\ffmpeg-4.3.1-1.5.4-android-arm64.jar;C:\Users\rayud\.m2\repository\org\bytedeco\ffmpeg\4.3.1-1.5.4\ffmpeg-4.3.1-1.5.4-android-x86.jar;C:\Users\rayud\.m2\repository\org\bytedeco\ffmpeg\4.3.1-1.5.4\ffmpeg-4.3.1-1.5.4-android-x86_64.jar;C:\Users\rayud\.m2\repository\org\bytedeco\ffmpeg\4.3.1-1.5.4\ffmpeg-4.3.1-1.5.4-linux-x86.jar;C:\Users\rayud\.m2\repository\org\bytedeco\ffmpeg\4.3.1-1.5.4\ffmpeg-4.3.1-1.5.4-linux-x86_64.jar;C:\Users\rayud\.m2\repository\org\bytedeco\ffmpeg\4.3.1-1.5.4\ffmpeg-4.3.1-1.5.4-linux-armhf.jar;C:\Users\rayud\.m2\repository\org\bytedeco\ffmpeg\4.3.1-1.5.4\ffmpeg-4.3.1-1.5.4-linux-arm64.jar;C:\Users\rayud\.m2\repository\org\bytedeco\ffmpeg\4.3.1-1.5.4\ffmpeg-4.3.1-1.5.4-linux-ppc64le.jar;C:\Users\rayud\.m2\repository\org\bytedeco\ffmpeg\4.3.1-1.5.4\ffmpeg-4.3.1-1.5.4-macosx-x86_64.jar;C:\Users\rayud\.m2\repository\org\bytedeco\ffmpeg\4.3.1-1.5.4\ffmpeg-4.3.1-1.5.4-windows-x86.jar;C:\Users\rayud\.m2\repository\org\bytedeco\ffmpeg\4.3.1-1.5.4\ffmpeg-4.3.1-1.5.4-windows-x86_64.jar;C:\Users\rayud\.m2\repository\org\bytedeco\flycapture-platform\2.13.3.31-1.5.4\flycapture-platform-2.13.3.31-1.5.4.jar;C:\Users\rayud\.m2\repository\org\bytedeco\flycapture\2.13.3.31-1.5.4\flycapture-2.13.3.31-1.5.4-linux-x86.jar;C:\Users\rayud\.m2\repository\org\bytedeco\flycapture\2.13.3.31-1.5.4\flycapture-2.13.3.31-1.5.4-linux-x86_64.jar;C:\Users\rayud\.m2\repository\org\bytedeco\flycapture\2.13.3.31-1.5.4\flycapture-2.13.3.31-1.5.4-linux-armhf.jar;C:\Users\rayud\.m2\repository\org\bytedeco\flycapture\2.13.3.31-1.5.4\flycapture-2.13.3.31-1.5.4-linux-arm64.jar;C:\Users\rayud\.m2\repository\org\bytedeco\flycapture\2.13.3.31-1.5.4\flycapture-2.13.3.31-1.5.4-windows-x86.jar;C:\Users\rayud\.m2\repository\org\bytedeco\flycapture\2.13.3.31-1.5.4\flycapture-2.13.3.31-1.5.4-windows-x86_64.jar;C:\Users\rayud\.m2\repository\org\bytedeco\libdc1394-platform\2.2.6-1.5.4\libdc1394-platform-2.2.6-1.5.4.jar;C:\Users\rayud\.m2\repository\org\bytedeco\libdc1394\2.2.6-1.5.4\libdc1394-2.2.6-1.5.4-linux-x86.jar;C:\Users\rayud\.m2\repository\org\bytedeco\libdc1394\2.2.6-1.5.4\libdc1394-2.2.6-1.5.4-linux-x86_64.jar;C:\Users\rayud\.m2\repository\org\bytedeco\libdc1394\2.2.6-1.5.4\libdc1394-2.2.6-1.5.4-linux-armhf.jar;C:\Users\rayud\.m2\repository\org\bytedeco\libdc1394\2.2.6-1.5.4\libdc1394-2.2.6-1.5.4-linux-arm64.jar;C:\Users\rayud\.m2\repository\org\bytedeco\libdc1394\2.2.6-1.5.4\libdc1394-2.2.6-1.5.4-linux-ppc64le.jar;C:\Users\rayud\.m2\repository\org\bytedeco\libdc1394\2.2.6-1.5.4\libdc1394-2.2.6-1.5.4-macosx-x86_64.jar;C:\Users\rayud\.m2\repository\org\bytedeco\libdc1394\2.2.6-1.5.4\libdc1394-2.2.6-1.5.4-windows-x86.jar;C:\Users\rayud\.m2\repository\org\bytedeco\libdc1394\2.2.6-1.5.4\libdc1394-2.2.6-1.5.4-windows-x86_64.jar;C:\Users\rayud\.m2\repository\org\bytedeco\libfreenect-platform\0.5.7-1.5.4\libfreenect-platform-0.5.7-1.5.4.jar;C:\Users\rayud\.m2\repository\org\bytedeco\libfreenect\0.5.7-1.5.4\libfreenect-0.5.7-1.5.4-linux-x86.jar;C:\Users\rayud\.m2\repository\org\bytedeco\libfreenect\0.5.7-1.5.4\libfreenect-0.5.7-1.5.4-linux-x86_64.jar;C:\Users\rayud\.m2\repository\org\bytedeco\libfreenect\0.5.7-1.5.4\libfreenect-0.5.7-1.5.4-linux-armhf.jar;C:\Users\rayud\.m2\repository\org\bytedeco\libfreenect\0.5.7-1.5.4\libfreenect-0.5.7-1.5.4-linux-arm64.jar;C:\Users\rayud\.m2\repository\org\bytedeco\libfreenect\0.5.7-1.5.4\libfreenect-0.5.7-1.5.4-linux-ppc64le.jar;C:\Users\rayud\.m2\repository\org\bytedeco\libfreenect\0.5.7-1.5.4\libfreenect-0.5.7-1.5.4-macosx-x86_64.jar;C:\Users\rayud\.m2\repository\org\bytedeco\libfreenect\0.5.7-1.5.4\libfreenect-0.5.7-1.5.4-windows-x86.jar;C:\Users\rayud\.m2\repository\org\bytedeco\libfreenect\0.5.7-1.5.4\libfreenect-0.5.7-1.5.4-windows-x86_64.jar;C:\Users\rayud\.m2\repository\org\bytedeco\libfreenect2-platform\0.2.0-1.5.4\libfreenect2-platform-0.2.0-1.5.4.jar;C:\Users\rayud\.m2\repository\org\bytedeco\libfreenect2\0.2.0-1.5.4\libfreenect2-0.2.0-1.5.4-linux-x86.jar;C:\Users\rayud\.m2\repository\org\bytedeco\libfreenect2\0.2.0-1.5.4\libfreenect2-0.2.0-1.5.4-linux-x86_64.jar;C:\Users\rayud\.m2\repository\org\bytedeco\libfreenect2\0.2.0-1.5.4\libfreenect2-0.2.0-1.5.4-macosx-x86_64.jar;C:\Users\rayud\.m2\repository\org\bytedeco\libfreenect2\0.2.0-1.5.4\libfreenect2-0.2.0-1.5.4-windows-x86_64.jar;C:\Users\rayud\.m2\repository\org\bytedeco\librealsense-platform\1.12.4-1.5.4\librealsense-platform-1.12.4-1.5.4.jar;C:\Users\rayud\.m2\repository\org\bytedeco\librealsense\1.12.4-1.5.4\librealsense-1.12.4-1.5.4-linux-x86.jar;C:\Users\rayud\.m2\repository\org\bytedeco\librealsense\1.12.4-1.5.4\librealsense-1.12.4-1.5.4-linux-x86_64.jar;C:\Users\rayud\.m2\repository\org\bytedeco\librealsense\1.12.4-1.5.4\librealsense-1.12.4-1.5.4-macosx-x86_64.jar;C:\Users\rayud\.m2\repository\org\bytedeco\librealsense\1.12.4-1.5.4\librealsense-1.12.4-1.5.4-windows-x86.jar;C:\Users\rayud\.m2\repository\org\bytedeco\librealsense\1.12.4-1.5.4\librealsense-1.12.4-1.5.4-windows-x86_64.jar;C:\Users\rayud\.m2\repository\org\bytedeco\librealsense2-platform\2.29.0-1.5.4\librealsense2-platform-2.29.0-1.5.4.jar;C:\Users\rayud\.m2\repository\org\bytedeco\librealsense2\2.29.0-1.5.4\librealsense2-2.29.0-1.5.4-linux-x86.jar;C:\Users\rayud\.m2\repository\org\bytedeco\librealsense2\2.29.0-1.5.4\librealsense2-2.29.0-1.5.4-linux-x86_64.jar;C:\Users\rayud\.m2\repository\org\bytedeco\librealsense2\2.29.0-1.5.4\librealsense2-2.29.0-1.5.4-macosx-x86_64.jar;C:\Users\rayud\.m2\repository\org\bytedeco\librealsense2\2.29.0-1.5.4\librealsense2-2.29.0-1.5.4-windows-x86.jar;C:\Users\rayud\.m2\repository\org\bytedeco\librealsense2\2.29.0-1.5.4\librealsense2-2.29.0-1.5.4-windows-x86_64.jar;C:\Users\rayud\.m2\repository\org\bytedeco\videoinput-platform\0.200-1.5.4\videoinput-platform-0.200-1.5.4.jar;C:\Users\rayud\.m2\repository\org\bytedeco\videoinput\0.200-1.5.4\videoinput-0.200-1.5.4-windows-x86.jar;C:\Users\rayud\.m2\repository\org\bytedeco\videoinput\0.200-1.5.4\videoinput-0.200-1.5.4-windows-x86_64.jar;C:\Users\rayud\.m2\repository\org\bytedeco\artoolkitplus-platform\2.3.1-1.5.4\artoolkitplus-platform-2.3.1-1.5.4.jar;C:\Users\rayud\.m2\repository\org\bytedeco\artoolkitplus\2.3.1-1.5.4\artoolkitplus-2.3.1-1.5.4-android-arm.jar;C:\Users\rayud\.m2\repository\org\bytedeco\artoolkitplus\2.3.1-1.5.4\artoolkitplus-2.3.1-1.5.4-android-arm64.jar;C:\Users\rayud\.m2\repository\org\bytedeco\artoolkitplus\2.3.1-1.5.4\artoolkitplus-2.3.1-1.5.4-android-x86.jar;C:\Users\rayud\.m2\repository\org\bytedeco\artoolkitplus\2.3.1-1.5.4\artoolkitplus-2.3.1-1.5.4-android-x86_64.jar;C:\Users\rayud\.m2\repository\org\bytedeco\artoolkitplus\2.3.1-1.5.4\artoolkitplus-2.3.1-1.5.4-linux-x86.jar;C:\Users\rayud\.m2\repository\org\bytedeco\artoolkitplus\2.3.1-1.5.4\artoolkitplus-2.3.1-1.5.4-linux-x86_64.jar;C:\Users\rayud\.m2\repository\org\bytedeco\artoolkitplus\2.3.1-1.5.4\artoolkitplus-2.3.1-1.5.4-linux-armhf.jar;C:\Users\rayud\.m2\repository\org\bytedeco\artoolkitplus\2.3.1-1.5.4\artoolkitplus-2.3.1-1.5.4-linux-arm64.jar;C:\Users\rayud\.m2\repository\org\bytedeco\artoolkitplus\2.3.1-1.5.4\artoolkitplus-2.3.1-1.5.4-linux-ppc64le.jar;C:\Users\rayud\.m2\repository\org\bytedeco\artoolkitplus\2.3.1-1.5.4\artoolkitplus-2.3.1-1.5.4-macosx-x86_64.jar;C:\Users\rayud\.m2\repository\org\bytedeco\artoolkitplus\2.3.1-1.5.4\artoolkitplus-2.3.1-1.5.4-windows-x86.jar;C:\Users\rayud\.m2\repository\org\bytedeco\artoolkitplus\2.3.1-1.5.4\artoolkitplus-2.3.1-1.5.4-windows-x86_64.jar;C:\Users\rayud\.m2\repository\org\bytedeco\flandmark-platform\1.07-1.5.4\flandmark-platform-1.07-1.5.4.jar;C:\Users\rayud\.m2\repository\org\bytedeco\flandmark\1.07-1.5.4\flandmark-1.07-1.5.4-android-arm.jar;C:\Users\rayud\.m2\repository\org\bytedeco\flandmark\1.07-1.5.4\flandmark-1.07-1.5.4-android-arm64.jar;C:\Users\rayud\.m2\repository\org\bytedeco\flandmark\1.07-1.5.4\flandmark-1.07-1.5.4-android-x86.jar;C:\Users\rayud\.m2\repository\org\bytedeco\flandmark\1.07-1.5.4\flandmark-1.07-1.5.4-android-x86_64.jar;C:\Users\rayud\.m2\repository\org\bytedeco\flandmark\1.07-1.5.4\flandmark-1.07-1.5.4-linux-x86.jar;C:\Users\rayud\.m2\repository\org\bytedeco\flandmark\1.07-1.5.4\flandmark-1.07-1.5.4-linux-x86_64.jar;C:\Users\rayud\.m2\repository\org\bytedeco\flandmark\1.07-1.5.4\flandmark-1.07-1.5.4-linux-armhf.jar;C:\Users\rayud\.m2\repository\org\bytedeco\flandmark\1.07-1.5.4\flandmark-1.07-1.5.4-linux-arm64.jar;C:\Users\rayud\.m2\repository\org\bytedeco\flandmark\1.07-1.5.4\flandmark-1.07-1.5.4-linux-ppc64le.jar;C:\Users\rayud\.m2\repository\org\bytedeco\flandmark\1.07-1.5.4\flandmark-1.07-1.5.4-macosx-x86_64.jar;C:\Users\rayud\.m2\repository\org\bytedeco\flandmark\1.07-1.5.4\flandmark-1.07-1.5.4-windows-x86.jar;C:\Users\rayud\.m2\repository\org\bytedeco\flandmark\1.07-1.5.4\flandmark-1.07-1.5.4-windows-x86_64.jar;C:\Users\rayud\.m2\repository\org\bytedeco\leptonica-platform\1.80.0-1.5.4\leptonica-platform-1.80.0-1.5.4.jar;C:\Users\rayud\.m2\repository\org\bytedeco\leptonica\1.80.0-1.5.4\leptonica-1.80.0-1.5.4-android-arm.jar;C:\Users\rayud\.m2\repository\org\bytedeco\leptonica\1.80.0-1.5.4\leptonica-1.80.0-1.5.4-android-arm64.jar;C:\Users\rayud\.m2\repository\org\bytedeco\leptonica\1.80.0-1.5.4\leptonica-1.80.0-1.5.4-android-x86.jar;C:\Users\rayud\.m2\repository\org\bytedeco\leptonica\1.80.0-1.5.4\leptonica-1.80.0-1.5.4-android-x86_64.jar;C:\Users\rayud\.m2\repository\org\bytedeco\leptonica\1.80.0-1.5.4\leptonica-1.80.0-1.5.4-linux-x86.jar;C:\Users\rayud\.m2\repository\org\bytedeco\leptonica\1.80.0-1.5.4\leptonica-1.80.0-1.5.4-linux-x86_64.jar;C:\Users\rayud\.m2\repository\org\bytedeco\leptonica\1.80.0-1.5.4\leptonica-1.80.0-1.5.4-linux-armhf.jar;C:\Users\rayud\.m2\repository\org\bytedeco\leptonica\1.80.0-1.5.4\leptonica-1.80.0-1.5.4-linux-arm64.jar;C:\Users\rayud\.m2\repository\org\bytedeco\leptonica\1.80.0-1.5.4\leptonica-1.80.0-1.5.4-linux-ppc64le.jar;C:\Users\rayud\.m2\repository\org\bytedeco\leptonica\1.80.0-1.5.4\leptonica-1.80.0-1.5.4-macosx-x86_64.jar;C:\Users\rayud\.m2\repository\org\bytedeco\leptonica\1.80.0-1.5.4\leptonica-1.80.0-1.5.4-windows-x86.jar;C:\Users\rayud\.m2\repository\org\bytedeco\leptonica\1.80.0-1.5.4\leptonica-1.80.0-1.5.4-windows-x86_64.jar;C:\Users\rayud\.m2\repository\org\bytedeco\tesseract-platform\4.1.1-1.5.4\tesseract-platform-4.1.1-1.5.4.jar;C:\Users\rayud\.m2\repository\org\bytedeco\tesseract\4.1.1-1.5.4\tesseract-4.1.1-1.5.4-android-arm.jar;C:\Users\rayud\.m2\repository\org\bytedeco\tesseract\4.1.1-1.5.4\tesseract-4.1.1-1.5.4-android-arm64.jar;C:\Users\rayud\.m2\repository\org\bytedeco\tesseract\4.1.1-1.5.4\tesseract-4.1.1-1.5.4-android-x86.jar;C:\Users\rayud\.m2\repository\org\bytedeco\tesseract\4.1.1-1.5.4\tesseract-4.1.1-1.5.4-android-x86_64.jar;C:\Users\rayud\.m2\repository\org\bytedeco\tesseract\4.1.1-1.5.4\tesseract-4.1.1-1.5.4-linux-x86.jar;C:\Users\rayud\.m2\repository\org\bytedeco\tesseract\4.1.1-1.5.4\tesseract-4.1.1-1.5.4-linux-x86_64.jar;C:\Users\rayud\.m2\repository\org\bytedeco\tesseract\4.1.1-1.5.4\tesseract-4.1.1-1.5.4-linux-armhf.jar;C:\Users\rayud\.m2\repository\org\bytedeco\tesseract\4.1.1-1.5.4\tesseract-4.1.1-1.5.4-linux-arm64.jar;C:\Users\rayud\.m2\repository\org\bytedeco\tesseract\4.1.1-1.5.4\tesseract-4.1.1-1.5.4-linux-ppc64le.jar;C:\Users\rayud\.m2\repository\org\bytedeco\tesseract\4.1.1-1.5.4\tesseract-4.1.1-1.5.4-macosx-x86_64.jar;C:\Users\rayud\.m2\repository\org\bytedeco\tesseract\4.1.1-1.5.4\tesseract-4.1.1-1.5.4-windows-x86.jar;C:\Users\rayud\.m2\repository\org\bytedeco\tesseract\4.1.1-1.5.4\tesseract-4.1.1-1.5.4-windows-x86_64.jar;C:\Users\rayud\.m2\repository\com\sun\mail\javax.mail\1.6.2\javax.mail-1.6.2.jar;C:\Users\rayud\.m2\repository\javax\activation\activation\1.1\activation-1.1.jar;C:\Users\rayud\.m2\repository\org\jsoup\jsoup\1.14.3\jsoup-1.14.3.jar;C:\Users\rayud\.m2\repository\io\cucumber\cucumber-java\7.0.0\cucumber-java-7.0.0.jar;C:\Users\rayud\.m2\repository\io\cucumber\cucumber-core\7.0.0\cucumber-core-7.0.0.jar;C:\Users\rayud\.m2\repository\io\cucumber\cucumber-gherkin\7.0.0\cucumber-gherkin-7.0.0.jar;C:\Users\rayud\.m2\repository\io\cucumber\cucumber-gherkin-messages\7.0.0\cucumber-gherkin-messages-7.0.0.jar;C:\Users\rayud\.m2\repository\io\cucumber\messages\17.1.1\messages-17.1.1.jar;C:\Users\rayud\.m2\repository\io\cucumber\tag-expressions\4.0.2\tag-expressions-4.0.2.jar;C:\Users\rayud\.m2\repository\io\cucumber\cucumber-expressions\13.0.1\cucumber-expressions-13.0.1.jar;C:\Users\rayud\.m2\repository\io\cucumber\datatable\7.0.0\datatable-7.0.0.jar;C:\Users\rayud\.m2\repository\io\cucumber\cucumber-plugin\7.0.0\cucumber-plugin-7.0.0.jar;C:\Users\rayud\.m2\repository\io\cucumber\docstring\7.0.0\docstring-7.0.0.jar;C:\Users\rayud\.m2\repository\io\cucumber\html-formatter\17.0.0\html-formatter-17.0.0.jar;C:\Users\rayud\.m2\repository\io\cucumber\create-meta\6.0.1\create-meta-6.0.1.jar;C:\Users\rayud\.m2\repository\org\apiguardian\apiguardian-api\1.1.2\apiguardian-api-1.1.2.jar;C:\Users\rayud\.m2\repository\io\cucumber\cucumber-spring\7.0.0\cucumber-spring-7.0.0.jar;"/>
    <property name="sun.cpu.endian" value="little"/>
    <property name="user.home" value="C:\Users\rayud"/>
    <property name="user.language" value="en"/>
    <property name="java.specification.vendor" value="Oracle Corporation"/>
    <property name="java.version.date" value="2024-01-16"/>
    <property name="java.home" value="C:\Program Files\Java\jdk-21"/>
    <property name="file.separator" value="\"/>
    <property name="basedir" value="C:\Users\rayud\eclipse-workspace\SeleniumWebdriver"/>
    <property name="style.color" value="always"/>
    <property name="java.vm.compressedOopsMode" value="Zero based"/>
    <property name="line.separator" value="&#10;"/>
    <property name="java.vm.specification.vendor" value="Oracle Corporation"/>
    <property name="java.specification.name" value="Java Platform API Specification"/>
    <property name="surefire.real.class.path" value="C:\Users\rayud\AppData\Local\Temp\surefire2065647030980428978\surefirebooter-20240621115001454_3.jar"/>
    <property name="user.script" value=""/>
    <property name="sun.management.compiler" value="HotSpot 64-Bit Tiered Compilers"/>
    <property name="java.runtime.version" value="21.0.2+13-LTS-58"/>
    <property name="user.name" value="rayud"/>
    <property name="stdout.encoding" value="Cp1252"/>
    <property name="path.separator" value=";"/>
    <property name="os.version" value="10.0"/>
    <property name="java.runtime.name" value="Java(TM) SE Runtime Environment"/>
    <property name="file.encoding" value="UTF-8"/>
    <property name="java.vm.name" value="Java HotSpot(TM) 64-Bit Server VM"/>
    <property name="localRepository" value="C:\Users\rayud\.m2\repository"/>
    <property name="java.vendor.url.bug" value="https://bugreport.java.com/bugreport/"/>
    <property name="java.io.tmpdir" value="C:\Users\rayud\AppData\Local\Temp\"/>
    <property name="java.version" value="21.0.2"/>
    <property name="user.dir" value="C:\Users\rayud\eclipse-workspace\SeleniumWebdriver"/>
    <property name="os.arch" value="amd64"/>
    <property name="java.vm.specification.name" value="Java Virtual Machine Specification"/>
    <property name="sun.os.patch.level" value=""/>
    <property name="native.encoding" value="Cp1252"/>
    <property name="java.library.path" value="C:\Program Files\Java\jdk-21\bin;C:\WINDOWS\Sun\Java\bin;C:\WINDOWS\system32;C:\WINDOWS;C:/Program Files/Java/jdk-21/bin/server;C:/Program Files/Java/jdk-21/bin;C:\Program Files\Common Files\Oracle\Java\javapath;C:\WINDOWS\system32;C:\WINDOWS;C:\WINDOWS\System32\Wbem;C:\WINDOWS\System32\WindowsPowerShell\v1.0\;C:\WINDOWS\System32\OpenSSH\;C:\Program Files\apache-maven-3.9.6-bin\apache-maven-3.9.6\bin;C:\Program Files\Git\cmd;C:\Users\rayud\AppData\Local\Microsoft\WindowsApps;;C:\WINDOWS\system32;;."/>
    <property name="java.vm.info" value="mixed mode, sharing"/>
    <property name="stderr.encoding" value="Cp1252"/>
    <property name="java.vendor" value="Oracle Corporation"/>
    <property name="java.vm.version" value="21.0.2+13-LTS-58"/>
    <property name="sun.io.unicode.encoding" value="UnicodeLittle"/>
    <property name="java.class.version" value="65.0"/>
  </properties>
</testsuite>